[0m[[0m[0mdebug[0m] [0m[0m> Exec(test, Some(effcdad0-127d-42c8-a9b0-282020f0ddf6), Some(CommandSource(console0)))[0m
[0m[[0m[0mdebug[0m] [0m[0mEvaluating tasks: Test / test[0m
[0m[[0m[0mdebug[0m] [0m[0mRunning task... Cancel: Signal, check cycles: false, forcegc: true[0m
[0m[[0m[0minfo[0m] [0m[0mcompiling 1 Scala source to C:\Users\Emile\OneDrive - Efrei\Bureau\ECOLE\Functional programming with scala\TP_MR\target\scala-2.13\classes ...[0m
[0m[[0m[31merror[0m] [0m[0mC:\Users\Emile\OneDrive - Efrei\Bureau\ECOLE\Functional programming with scala\TP_MR\src\main\scala\TP_MR.scala:142:66: too many arguments (2) for method foldLeft: (z: B)(op: (B, Double) => B)B[0m
[0m[[0m[31merror[0m] [0m[0m      val (total,count) = values.foldLeft(iterator.empty[Double],0)({ case ((total,count),elem) => (total+elem, count+1) })[0m
[0m[[0m[31merror[0m] [0m[0m                                                                 ^[0m
[0m[[0m[31merror[0m] [0m[0mC:\Users\Emile\OneDrive - Efrei\Bureau\ECOLE\Functional programming with scala\TP_MR\src\main\scala\TP_MR.scala:142:107: type mismatch;[0m
[0m[[0m[31merror[0m] [0m[0m found   : Any[0m
[0m[[0m[31merror[0m] [0m[0m required: String[0m
[0m[[0m[31merror[0m] [0m[0m      val (total,count) = values.foldLeft(iterator.empty[Double],0)({ case ((total,count),elem) => (total+elem, count+1) })[0m
[0m[[0m[31merror[0m] [0m[0m                                                                                                          ^[0m
[0m[[0m[31merror[0m] [0m[0mC:\Users\Emile\OneDrive - Efrei\Bureau\ECOLE\Functional programming with scala\TP_MR\src\main\scala\TP_MR.scala:142:119: type mismatch;[0m
[0m[[0m[31merror[0m] [0m[0m found   : Int(1)[0m
[0m[[0m[31merror[0m] [0m[0m required: String[0m
[0m[[0m[31merror[0m] [0m[0m      val (total,count) = values.foldLeft(iterator.empty[Double],0)({ case ((total,count),elem) => (total+elem, count+1) })[0m
[0m[[0m[31merror[0m] [0m[0m                                                                                                                      ^[0m
[0m[[0m[31merror[0m] [0m[0mC:\Users\Emile\OneDrive - Efrei\Bureau\ECOLE\Functional programming with scala\TP_MR\src\main\scala\TP_MR.scala:143:17: value / is not a member of Any[0m
[0m[[0m[31merror[0m] [0m[0m      Some(total/count)[0m
[0m[[0m[31merror[0m] [0m[0m                ^[0m
[0m[[0m[31merror[0m] [0m[0mfour errors found[0m
[0m[[0m[31merror[0m] [0m[0m(Compile / [31mcompileIncremental[0m) Compilation failed[0m
[0m[[0m[31merror[0m] [0m[0mTotal time: 1 s, completed 26 oct. 2021, 16:13:47[0m
[0m[[0m[0mdebug[0m] [0m[0m> Exec(shell, None, None)[0m
